/gw/index.php/Liste_von_Pkw-Marken
/gw/index.php/Oberleitungsbus
/gw/index.php/Geschichte_Spaniens
/gw/index.php/Zweiter_Weltkrieg
/gw/index.php/Denis_Diderot
/gw/index.php/Liste_bekannter_Attentate
/gw/index.php/Geschichte_Italiens
/gw/index.php/Nekrolog_2005
/gw/index.php/Norderney
/gw/index.php/Schweiz
/gw/index.php/Eurofighter_Typhoon
/gw/index.php/Falklandkrieg
/gw/index.php/Dillingen/Saar
/gw/index.php/Seele
/gw/index.php/Johann_Wolfgang_von_Goethe
/gw/index.php/Erneuerbare-Energien-Gesetz
/gw/index.php/Flensburg
/gw/index.php/Osttimor
/gw/index.php/Zirkumzision
/gw/index.php/Salbei
/gw/index.php/Magdeburg
/gw/index.php/Augsburg
/gw/index.php/Todesstrafe
/gw/index.php/Uetersen
/gw/index.php/Kuba
/gw/index.php/Figuren_in_Tolkiens_Welt
/gw/index.php/Geschichte_Polens
/gw/index.php/Frankfurt_am_Main
/gw/index.php/Geschichte_Algeriens
/gw/index.php/Sezessionskrieg
/gw/index.php/Geschichte_des_Alten_%C3%84gypten
/gw/index.php/Leipzig
/gw/index.php/Schwangerschaftsabbruch
/gw/index.php/Geschichte_Anatoliens
/gw/index.php/Wien
/gw/index.php/Geschichte_Russlands
/gw/index.php/VfB_Stuttgart
/gw/index.php/Liste_von_Pseudonymen
/gw/index.php/Geschichte_Deutschlands
/gw/index.php/Dreyfus-Aff%C3%A4re
/gw/index.php/Platon
/gw/index.php/Hamm
/gw/index.php/Ostfriesland
/gw/index.php/Indien
/gw/index.php/Martin_Heidegger
/gw/index.php/Sp%C3%A4tantike
/gw/index.php/Hamburger_SV
/gw/index.php/Liste_von_Librettisten
/gw/index.php/Bergische_Universit%C3%A4t_Wuppertal
/gw/index.php/V%C3%B6lkerwanderung
/gw/index.php/Raumschiff_Enterprise:_Das_n%C3%A4chste_Jahrhundert
/gw/index.php/Hannah_Arendt
/gw/index.php/Europ%C3%A4ische_Union
/gw/index.php/Georg_Wilhelm_Friedrich_Hegel
/gw/index.php/Windkraftanlage
/gw/index.php/Karl_der_Gro%C3%9Fe
/gw/index.php/1974
/gw/index.php/Regelungstechnik
/gw/index.php/Hamlet
/gw/index.php/K%C3%B6ln
/gw/index.php/Kanada
/gw/index.php/Heiliges_R%C3%B6misches_Reich
/gw/index.php/Liste_deutscher_Zeitungen
/gw/index.php/Franken_(Region)
/gw/index.php/Ilias
/gw/index.php/Geschichte_der_Philosophie
/gw/index.php/Verschw%C3%B6rungstheorien_zum_11._September_2001
/gw/index.php/Hamburg
/gw/index.php/RMS_Titanic
/gw/index.php/Werder_Bremen
/gw/index.php/Niedersachsen
/gw/index.php/S%C3%BCdafrika
/gw/index.php/Freiburg_im_Breisgau
/gw/index.php/Braunschweig
/gw/index.php/Otto_Hahn
/gw/index.php/Liste_von_Pferderassen
/gw/index.php/Stuttgart
/gw/index.php/Brasilien
/gw/index.php/N%C3%BCrnberg
/gw/index.php/Th%C3%BCringen
/gw/index.php/Cheops-Pyramide
/gw/index.php/Liste_von_Opern
/gw/index.php/Star_Trek:_Deep_Space_Nine
/gw/index.php/Hom%C3%B6opathie
/gw/index.php/Hansa_Rostock
/gw/index.php/Liste_bedeutender_deutscher_Filme
/gw/index.php/S-Bahn_Berlin
/gw/index.php/Geschichte_der_Stadt_Z%C3%BCrich
/gw/index.php/Homosexualit%C3%A4t
/gw/index.php/Roman
/gw/index.php/G%C3%B6rlitz
/gw/index.php/Otto_von_Bismarck
/gw/index.php/Unabh%C3%A4ngige_Sozialdemokratische_Partei_Deutschlands
/gw/index.php/Borussia_Dortmund
/gw/index.php/Figuren_und_Schaupl%C3%A4tze_der_Scheibenwelt-Romane
/gw/index.php/Wiesbaden
/gw/index.php/Deutscher_Orden
/gw/index.php/Borussia_M%C3%B6nchengladbach
/gw/index.php/Liste_von_Pers%C3%B6nlichkeiten_der_Stadt_Stuttgart
/gw/index.php/Linz
/gw/index.php/Polen
/gw/index.php/Neuseeland
/gw/index.php/M%C3%BCnchen
/gw/index.php/Landkreis_Wei%C3%9Fenburg-Gunzenhausen
/gw/index.php/Deutsche_Wiedervereinigung
/gw/index.php/Caspar_David_Friedrich
/gw/index.php/Mali
/gw/index.php/Hauskatze
/gw/index.php/Liste_von_Gedenk-_und_Aktionstagen
/gw/index.php/Geschichte_Kanadas
/gw/index.php/Michael_Schumacher
/gw/index.php/Kommunistische_Partei
/gw/index.php/G%C3%B6ttingen
/gw/index.php/Hanns_Eisler
/gw/index.php/L%C3%BCbeck
/gw/index.php/Cree
/gw/index.php/Kambodscha
/gw/index.php/Hannover
/gw/index.php/Ungarn
/gw/index.php/Gro%C3%9Fer_Sprung_nach_vorn
/gw/index.php/Kommando_Spezialkr%C3%A4fte
/gw/index.php/Rosa_Luxemburg
/gw/index.php/Politeia
/gw/index.php/Globale_Erw%C3%A4rmung
/gw/index.php/Liste_schwerer_Unf%C3%A4lle_im_Schienenverkehr
/gw/index.php/Medea
/gw/index.php/Schamanismus
/gw/index.php/Geschichte_Berlins
/gw/index.php/Herford
/gw/index.php/Inka
/gw/index.php/Rassismus
/gw/index.php/Futurama
/gw/index.php/Solingen
/gw/index.php/Liberia
/gw/index.php/Wiehengebirge
/gw/index.php/Ukraine
/gw/index.php/Gro%C3%9Fer_Terror_(Sowjetunion)
/gw/index.php/Friedrich_II._(HRR)
/gw/index.php/Konstantin_der_Gro%C3%9Fe
/gw/index.php/Louis_Pasteur
/gw/index.php/Joachim_Gauck
/gw/index.php/Duisburg
/gw/index.php/Cargolifter_AG
/gw/index.php/1._FC_N%C3%BCrnberg
/gw/index.php/1860
/gw/index.php/Visum
/gw/index.php/Paris
/gw/index.php/Venezuela
/gw/index.php/Rudolf_Steiner
/gw/index.php/Qu%C3%A9bec_(Stadt)
/gw/index.php/Montreal
/gw/index.php/Berchtesgaden
/gw/index.php/Bamberg
/gw/index.php/Pablo_Picasso
/gw/index.php/Landshut
/gw/index.php/Werbung
/gw/index.php/Salzburg
/gw/index.php/Ghana
/gw/index.php/Friedrich_I._(HRR)
/gw/index.php/S-Bahn_Hamburg
/gw/index.php/Gerhart_Hauptmann
/gw/index.php/Istanbul
/gw/index.php/1981
/gw/index.php/Rostock
/gw/index.php/Geschichte_%C3%96sterreichs
/gw/index.php/North_Carolina
/gw/index.php/Neandertaler
/gw/index.php/Liste_der_Motorradmarken
/gw/index.php/Joseph_Goebbels
/gw/index.php/Hugo_Ch%C3%A1vez
/gw/index.php/VW_K%C3%A4fer
/gw/index.php/S%C3%BCdkorea
/gw/index.php/Marburg
/gw/index.php/Freising
/gw/index.php/Herbert_Hoover
/gw/index.php/Wallenstein
/gw/index.php/Sauerland
/gw/index.php/Liste_der_Burschenschaften
/gw/index.php/Kirchen_in_Stuttgart
/gw/index.php/Hannover_96
/gw/index.php/Deutscher_Bund
/gw/index.php/Jozef_Tiso
/gw/index.php/Magie
/gw/index.php/Vindobona
/gw/index.php/Airbus_A380
/gw/index.php/Chemnitz
/gw/index.php/Philippinen
/gw/index.php/Benjamin_Franklin
/gw/index.php/Glas
/gw/index.php/Deutsche_Revolution_1848/1849
/gw/index.php/Halle_(Saale)
/gw/index.php/Bad_Kreuznach
/gw/index.php/Bundesverfassungsgericht
/gw/index.php/Oldenburg_(Oldenburg)
/gw/index.php/Heidelberg
/gw/index.php/Fu%C3%9Fball-Bundesliga
/gw/index.php/Kempten_(Allg%C3%A4u)
/gw/index.php/Liste_der_Seen_in_Bayern
/gw/index.php/Hubble-Weltraumteleskop
/gw/index.php/Schleswig-Holstein
/gw/index.php/Thomas_Alva_Edison
/gw/index.php/Minden
/gw/index.php/Silvio_Berlusconi
/gw/index.php/Paul_Klee
/gw/index.php/Joseph_Beuys
/gw/index.php/Ostwestfalen-Lippe
/gw/index.php/Pompeji
/gw/index.php/Opel
/gw/index.php/Z%C3%BCrich
/gw/index.php/Kleopatra_VII.
/gw/index.php/Leer_(Ostfriesland)
/gw/index.php/Pius_XII.
/gw/index.php/Warschau
/gw/index.php/Geschichte_Serbiens
/gw/index.php/Heinrich_IV._(HRR)
/gw/index.php/The_Beatles
/gw/index.php/Meister_Eckhart
/gw/index.php/Fl%C3%A4ming
/gw/index.php/1946
/gw/index.php/Liste_von_Science-Fiction-Autoren
/gw/index.php/1861
/gw/index.php/Holocaustleugnung
/gw/index.php/Konstanz
/gw/index.php/Ingolstadt
/gw/index.php/Wetzlar
/gw/index.php/Liste_deutschsprachiger_Verlage
/gw/index.php/Transrapid
/gw/index.php/Gottfried_Keller
/gw/index.php/Indianer
/gw/index.php/Evangelikalismus
/gw/index.php/Black_Metal
/gw/index.php/Jesus_von_Nazaret
/gw/index.php/1._FC_Kaiserslautern
/gw/index.php/Tunesien
/gw/index.php/Mohandas_Karamchand_Gandhi
/gw/index.php/Metropolitan
/gw/index.php/Ideenlehre
/gw/index.php/Kfz-Kennzeichen_(Deutschland)
/gw/index.php/Adel
/gw/index.php/1980
/gw/index.php/Burgtheater
/gw/index.php/1945
/gw/index.php/Nationaldemokratische_Partei_Deutschlands
/gw/index.php/Nuklearkatastrophe_von_Tschernobyl
/gw/index.php/Germanische_Sch%C3%B6pfungsgeschichte
/gw/index.php/Orient-Express
/gw/index.php/Kyrillisches_Alphabet
/gw/index.php/Senftenberg
/gw/index.php/Johann_Sebastian_Bach
/gw/index.php/Portugal
/gw/index.php/Regensburg
/gw/index.php/Rhein
/gw/index.php/Frank_Zappa
/gw/index.php/Christlich-Soziale_Union_in_Bayern
/gw/index.php/Liste_von_Musikinstrumenten
/gw/index.php/1948
/gw/index.php/Kaspar_Hauser
/gw/index.php/Geschichte_der_Matriarchatstheorien
/gw/index.php/Gott
/gw/index.php/Germanen
/gw/index.php/Heinrich_der_L%C3%B6we
/gw/index.php/Livia_Drusilla
/gw/index.php/Elektronenr%C3%B6hre
/gw/index.php/Karl_Marx
/gw/index.php/Diego_Rivera
/gw/index.php/Lockheed_Martin_F-22
/gw/index.php/L%C3%B6rrach
/gw/index.php/Rum%C3%A4nien
/gw/index.php/Liste_der_St%C3%A4dte_in_Russland
/gw/index.php/Verschw%C3%B6rungstheorie
/gw/index.php/Deutscher_Idealismus
/gw/index.php/Uruguay
/gw/index.php/Zwickau
/gw/index.php/Kassel
/gw/index.php/Diabetes_mellitus
/gw/index.php/Cocktail
/gw/index.php/Liste_von_M%C3%A4rchen
/gw/index.php/Basel
/gw/index.php/Brandenburg
/gw/index.php/W%C3%B6rgl
/gw/index.php/Heidelberger_Schloss
/gw/index.php/1944
/gw/index.php/Florence_Nightingale
/gw/index.php/Ernst_Reuter
/gw/index.php/Friedrich_Wilhelm_Bessel
/gw/index.php/Preu%C3%9Fisch_Litauen
/gw/index.php/Biodiesel
/gw/index.php/%C3%84gypten
/gw/index.php/Los_Angeles
/gw/index.php/Agnes_Bernauer
/gw/index.php/Impfung
/gw/index.php/Viola_da_gamba
/gw/index.php/Mecklenburg-Vorpommern
/gw/index.php/RAID
/gw/index.php/Wilnsdorf
/gw/index.php/1937
/gw/index.php/Neapel
/gw/index.php/1949
/gw/index.php/Sorben
/gw/index.php/1947
/gw/index.php/Frankfurt_(Oder)
/gw/index.php/Hemer
/gw/index.php/Helgoland
/gw/index.php/Memmingen
/gw/index.php/Jenische
/gw/index.php/Kroatien
/gw/index.php/Marlon_Brando
/gw/index.php/Japan
/gw/index.php/Berliner_Fernsehturm
/gw/index.php/Liste_von_Apfelsorten
/gw/index.php/Arbeiterpartei_Kurdistans
/gw/index.php/Gotik
/gw/index.php/Venus_(Planet)
/gw/index.php/1940
/gw/index.php/Kreuzbl%C3%BCtler
/gw/index.php/M%C3%BClheim_an_der_Ruhr
/gw/index.php/Mobiltelefon
/gw/index.php/Grigori_Jefimowitsch_Rasputin
/gw/index.php/Schweinfurt
/gw/index.php/Quedlinburg
/gw/index.php/Boethius
/gw/index.php/Novemberrevolution
/gw/index.php/Homophobie
/gw/index.php/Jamaika
/gw/index.php/T%C3%BCbingen
/gw/index.php/Niger-Kongo-Sprachen
/gw/index.php/Geschichte_Bulgariens
/gw/index.php/Karl_V._(HRR)
/gw/index.php/Gelsenkirchen
/gw/index.php/August_Bebel
/gw/index.php/Franklin_D._Roosevelt
/gw/index.php/Pf%C3%A4lzerwald
/gw/index.php/Klagenfurt_am_W%C3%B6rthersee
/gw/index.php/1939
/gw/index.php/Eberswalde
/gw/index.php/Russischer_B%C3%BCrgerkrieg
/gw/index.php/Peru
/gw/index.php/Warane
/gw/index.php/Werl
/gw/index.php/Schwerin
/gw/index.php/Angriff_auf_Pearl_Harbor
/gw/index.php/SK_Rapid_Wien
/gw/index.php/Avignon
/gw/index.php/Rheindahlen
/gw/index.php/Mongolei
/gw/index.php/Goldenes_Zeitalter
/gw/index.php/Burkina_Faso
/gw/index.php/Toronto
/gw/index.php/Dnipropetrowsk
/gw/index.php/Zoophilie
/gw/index.php/Osama_bin_Laden
/gw/index.php/Bad_Kissingen
/gw/index.php/Heinrich_II._(HRR)
/gw/index.php/Mogulreich
/gw/index.php/G%C3%BCtersloh
/gw/index.php/Marl
/gw/index.php/Pazifismus
/gw/index.php/Mohammed
/gw/index.php/Zgorzelec
/gw/index.php/J%C3%BCrgen_Habermas
/gw/index.php/Wilhelm_II._(Deutsches_Reich)
/gw/index.php/Cottbus
/gw/index.php/Atari_400
/gw/index.php/Varusschlacht
/gw/index.php/Remscheid
/gw/index.php/Ludwig_IV._(HRR)
/gw/index.php/Geschichte_Albaniens
/gw/index.php/1968
/gw/index.php/Erkelenz
/gw/index.php/1950
/gw/index.php/Brandenburg_an_der_Havel
/gw/index.php/Mexiko-Stadt
/gw/index.php/Erzgebirge
/gw/index.php/Heraklit
/gw/index.php/Lufthansa
/gw/index.php/Franz_Liszt
/gw/index.php/Alexander_von_Humboldt
/gw/index.php/Star_Trek:_Der_erste_Kontakt
/gw/index.php/Porsche
/gw/index.php/Meiningen
/gw/index.php/Timi%C8%99oara
/gw/index.php/London
/gw/index.php/Religion
/gw/index.php/Anthroposophie
/gw/index.php/Liste_der_r%C3%B6mischen_Kaiser_der_Antike
/gw/index.php/Wolfenb%C3%BCttel
/gw/index.php/1960
/gw/index.php/Koblenz
/gw/index.php/Maria_I._(England)
/gw/index.php/Vereinigte_Arabische_Emirate
/gw/index.php/Radebeul
/gw/index.php/European_Train_Control_System
/gw/index.php/1963
/gw/index.php/Geschichte_S%C3%BCdafrikas
/gw/index.php/Lennestadt
/gw/index.php/Wahrheit
/gw/index.php/Liste_von_Ortschaften_in_der_Oblast_Kaliningrad
/gw/index.php/Liste_von_Ingenieuren
/gw/index.php/Prince
/gw/index.php/R%C3%B6mer_(Frankfurt_am_Main)
/gw/index.php/Vegetarismus
/gw/index.php/Jim_Morrison
/gw/index.php/Hadrian_(Kaiser)
/gw/index.php/Gerechtigkeit
/gw/index.php/Geschichte_der_Schweiz
/gw/index.php/Richard_Wagner
/gw/index.php/Oper
/gw/index.php/Bundeswehr
/gw/index.php/Moers
/gw/index.php/1989
/gw/index.php/Luftwaffe_(Wehrmacht)
/gw/index.php/Lotto
/gw/index.php/Geschichte_Rum%C3%A4niens
/gw/index.php/Spanischer_B%C3%BCrgerkrieg
/gw/index.php/Geschichte_Chiles
/gw/index.php/Prostitution
/gw/index.php/Ilmenau
/gw/index.php/Zwinger_(Dresden)
/gw/index.php/Amerikanische_Literatur
/gw/index.php/Geschichte_Zyperns
/gw/index.php/Papier
/gw/index.php/Helvetische_Republik
/gw/index.php/Nikolaus_von_Kues
/gw/index.php/Mumbai
/gw/index.php/Michael_Faraday
/gw/index.php/Friedrich_III._(HRR)
/gw/index.php/Orgel
/gw/index.php/Beetzseeheide
/gw/index.php/Psychoanalyse
/gw/index.php/Schw%C3%A4bisch_Gm%C3%BCnd
/gw/index.php/Boris_Karloff
/gw/index.php/Madonna_(K%C3%BCnstlerin)
/gw/index.php/Pirna
/gw/index.php/Georg-August-Universit%C3%A4t_G%C3%B6ttingen
/gw/index.php/1979
/gw/index.php/Aschersleben
/gw/index.php/Wissen
/gw/index.php/Weltwirtschaftskrise
/gw/index.php/1942
/gw/index.php/Schlacht_auf_dem_Amselfeld_(1389)
/gw/index.php/Max_Liebermann
/gw/index.php/1865
/gw/index.php/1975
/gw/index.php/Wilhelm_Busch
/gw/index.php/1984
/gw/index.php/Star_Trek
/gw/index.php/Pf%C3%A4lzischer_Erbfolgekrieg
/gw/index.php/Bahncard
/gw/index.php/BDSM
/gw/index.php/Vietnam
/gw/index.php/1957
/gw/index.php/Neumarkt_in_der_Oberpfalz
/gw/index.php/1973
/gw/index.php/1952
/gw/index.php/Konrad_Adenauer
/gw/index.php/Walther_Nernst
/gw/index.php/Mehmed_II.
/gw/index.php/Alzheimer-Krankheit
/gw/index.php/Michael_Jackson
/gw/index.php/1862
/gw/index.php/Space_Shuttle
/gw/index.php/1933
/gw/index.php/1941
/gw/index.php/American_Football
/gw/index.php/1966
/gw/index.php/Cthulhu-Mythos
/gw/index.php/Commodore_128
/gw/index.php/Hochofen
/gw/index.php/1990
/gw/index.php/Max_Frisch
/gw/index.php/1864
/gw/index.php/Detmold
/gw/index.php/Priesterbruderschaft_St._Pius_X.
/gw/index.php/Marcus_Tullius_Cicero
/gw/index.php/Quantenmechanik
/gw/index.php/Nobelpreis
/gw/index.php/Sepp_Herberger
/gw/index.php/Karl_Martell
/gw/index.php/Paul_C%C3%A9zanne
/gw/index.php/1863
/gw/index.php/Apartheid
/gw/index.php/Dampflokomotive
/gw/index.php/Roger_Federer
/gw/index.php/Die_Siedler_von_Catan
/gw/index.php/Bratislava
/gw/index.php/Reh
/gw/index.php/Geschichte_Thailands
/gw/index.php/Main
/gw/index.php/Cholecalciferol
/gw/index.php/Ludwig_Feuerbach
/gw/index.php/Tschechien
/gw/index.php/Lucky_Luke
/gw/index.php/1958
/gw/index.php/Schmetterlinge
/gw/index.php/Heinrich_I._(Ostfrankenreich)
/gw/index.php/Dietrich_Bonhoeffer
/gw/index.php/Depression
/gw/index.php/1938
/gw/index.php/Freistadt
/gw/index.php/1935
